<?xml version="1.0" encoding="UTF-8"?>
<testsuite xmlns:xsi="http://www.w3.org/2001/XMLSchema-instance" xsi:noNamespaceSchemaLocation="https://maven.apache.org/surefire/maven-surefire-plugin/xsd/surefire-test-report.xsd" name="org.seckill.dao.SeckillDaoTest" time="1.138" tests="3" errors="0" skipped="0" failures="0">
  <properties>
[...]
</properties>
  <testcase name="queryByid" classname="org.seckill.dao.SeckillDaoTest" time="0.292"/>
  <testcase name="queryAll" classname="org.seckill.dao.SeckillDaoTest" time="0"/>
  <testcase name="reduceNumber" classname="org.seckill.dao.SeckillDaoTest" time="0"/>
</testsuite>